{"/home/bolyai/Dokumentumok/CodeCool/dev_API/Azgard_core/backend/app.js": {"path":"/home/bolyai/Dokumentumok/CodeCool/dev_API/Azgard_core/backend/app.js","statementMap":{"0":{"start":{"line":1,"column":0},"end":{"line":1,"column":27}},"1":{"start":{"line":3,"column":18},"end":{"line":3,"column":40}},"2":{"start":{"line":4,"column":14},"end":{"line":4,"column":32}},"3":{"start":{"line":5,"column":11},"end":{"line":5,"column":26}},"4":{"start":{"line":6,"column":19},"end":{"line":6,"column":43}},"5":{"start":{"line":7,"column":13},"end":{"line":7,"column":30}},"6":{"start":{"line":9,"column":18},"end":{"line":9,"column":43}},"7":{"start":{"line":10,"column":18},"end":{"line":10,"column":43}},"8":{"start":{"line":12,"column":13},"end":{"line":12,"column":28}},"9":{"start":{"line":13,"column":10},"end":{"line":13,"column":19}},"10":{"start":{"line":15,"column":0},"end":{"line":15,"column":15}},"11":{"start":{"line":18,"column":0},"end":{"line":18,"column":23}},"12":{"start":{"line":19,"column":0},"end":{"line":19,"column":24}},"13":{"start":{"line":20,"column":0},"end":{"line":20,"column":49}},"14":{"start":{"line":21,"column":0},"end":{"line":21,"column":24}},"15":{"start":{"line":23,"column":24},"end":{"line":23,"column":60}},"16":{"start":{"line":24,"column":23},"end":{"line":24,"column":58}},"17":{"start":{"line":25,"column":0},"end":{"line":25,"column":14}},"18":{"start":{"line":26,"column":0},"end":{"line":26,"column":13}},"19":{"start":{"line":29,"column":0},"end":{"line":29,"column":29}},"20":{"start":{"line":30,"column":0},"end":{"line":30,"column":31}},"21":{"start":{"line":33,"column":0},"end":{"line":35,"column":3}},"22":{"start":{"line":34,"column":2},"end":{"line":34,"column":25}},"23":{"start":{"line":38,"column":0},"end":{"line":46,"column":3}},"24":{"start":{"line":40,"column":2},"end":{"line":40,"column":35}},"25":{"start":{"line":41,"column":2},"end":{"line":41,"column":69}},"26":{"start":{"line":44,"column":2},"end":{"line":44,"column":32}},"27":{"start":{"line":45,"column":2},"end":{"line":45,"column":20}},"28":{"start":{"line":48,"column":0},"end":{"line":48,"column":21}}},"fnMap":{"0":{"name":"(anonymous_0)","decl":{"start":{"line":33,"column":8},"end":{"line":33,"column":9}},"loc":{"start":{"line":33,"column":33},"end":{"line":35,"column":1}},"line":33},"1":{"name":"(anonymous_1)","decl":{"start":{"line":38,"column":8},"end":{"line":38,"column":9}},"loc":{"start":{"line":38,"column":38},"end":{"line":46,"column":1}},"line":38}},"branchMap":{"0":{"loc":{"start":{"line":41,"column":21},"end":{"line":41,"column":68}},"type":"cond-expr","locations":[{"start":{"line":41,"column":60},"end":{"line":41,"column":63}},{"start":{"line":41,"column":66},"end":{"line":41,"column":68}}],"line":41},"1":{"loc":{"start":{"line":44,"column":13},"end":{"line":44,"column":30}},"type":"binary-expr","locations":[{"start":{"line":44,"column":13},"end":{"line":44,"column":23}},{"start":{"line":44,"column":27},"end":{"line":44,"column":30}}],"line":44}},"s":{"0":1,"1":1,"2":1,"3":1,"4":1,"5":1,"6":1,"7":1,"8":1,"9":1,"10":1,"11":1,"12":1,"13":1,"14":1,"15":1,"16":1,"17":1,"18":1,"19":1,"20":1,"21":1,"22":0,"23":1,"24":0,"25":0,"26":0,"27":0,"28":1},"f":{"0":0,"1":0},"b":{"0":[0,0],"1":[0,0]},"_coverageSchema":"1a1c01bbd47fc00a2c39e90264f33305004495a9","hash":"cb758987d9583d0e8e3d69cf5c7e12ee820274f1"}
,"/home/bolyai/Dokumentumok/CodeCool/dev_API/Azgard_core/backend/controllers/FillCourses.js": {"path":"/home/bolyai/Dokumentumok/CodeCool/dev_API/Azgard_core/backend/controllers/FillCourses.js","statementMap":{"0":{"start":{"line":1,"column":11},"end":{"line":1,"column":24}},"1":{"start":{"line":2,"column":16},"end":{"line":2,"column":49}},"2":{"start":{"line":4,"column":0},"end":{"line":23,"column":1}},"3":{"start":{"line":6,"column":2},"end":{"line":22,"column":3}},"4":{"start":{"line":7,"column":4},"end":{"line":7,"column":82}},"5":{"start":{"line":9,"column":17},"end":{"line":9,"column":38}},"6":{"start":{"line":10,"column":17},"end":{"line":10,"column":61}},"7":{"start":{"line":14,"column":2},"end":{"line":17,"column":5}},"8":{"start":{"line":21,"column":2},"end":{"line":21,"column":20}}},"fnMap":{"0":{"name":"(anonymous_0)","decl":{"start":{"line":4,"column":23},"end":{"line":4,"column":24}},"loc":{"start":{"line":4,"column":43},"end":{"line":23,"column":1}},"line":4}},"branchMap":{},"s":{"0":1,"1":1,"2":1,"3":1,"4":1,"5":1,"6":1,"7":1,"8":0},"f":{"0":1},"b":{},"_coverageSchema":"1a1c01bbd47fc00a2c39e90264f33305004495a9","hash":"7c3f497d7261bb0e4ed845bbb27d8172c0756d15"}
,"/home/bolyai/Dokumentumok/CodeCool/dev_API/Azgard_core/backend/controllers/FillQuotes.js": {"path":"/home/bolyai/Dokumentumok/CodeCool/dev_API/Azgard_core/backend/controllers/FillQuotes.js","statementMap":{"0":{"start":{"line":1,"column":11},"end":{"line":1,"column":24}},"1":{"start":{"line":2,"column":15},"end":{"line":2,"column":47}},"2":{"start":{"line":4,"column":0},"end":{"line":19,"column":1}},"3":{"start":{"line":6,"column":2},"end":{"line":17,"column":3}},"4":{"start":{"line":7,"column":4},"end":{"line":7,"column":76}},"5":{"start":{"line":9,"column":4},"end":{"line":14,"column":7}},"6":{"start":{"line":10,"column":6},"end":{"line":13,"column":9}},"7":{"start":{"line":16,"column":4},"end":{"line":16,"column":22}},"8":{"start":{"line":18,"column":2},"end":{"line":18,"column":53}},"9":{"start":{"line":18,"column":11},"end":{"line":18,"column":53}}},"fnMap":{"0":{"name":"(anonymous_0)","decl":{"start":{"line":4,"column":22},"end":{"line":4,"column":23}},"loc":{"start":{"line":4,"column":42},"end":{"line":19,"column":1}},"line":4},"1":{"name":"(anonymous_1)","decl":{"start":{"line":9,"column":17},"end":{"line":9,"column":18}},"loc":{"start":{"line":9,"column":28},"end":{"line":14,"column":5}},"line":9}},"branchMap":{"0":{"loc":{"start":{"line":18,"column":2},"end":{"line":18,"column":53}},"type":"if","locations":[{"start":{"line":18,"column":2},"end":{"line":18,"column":53}},{"start":{"line":18,"column":2},"end":{"line":18,"column":53}}],"line":18}},"s":{"0":1,"1":1,"2":1,"3":1,"4":1,"5":1,"6":5,"7":0,"8":1,"9":0},"f":{"0":1,"1":5},"b":{"0":[0,1]},"_coverageSchema":"1a1c01bbd47fc00a2c39e90264f33305004495a9","hash":"1f2095e1acc62e31d1839f9e0f7766ed45a614d1"}
,"/home/bolyai/Dokumentumok/CodeCool/dev_API/Azgard_core/backend/controllers/GetLessons.js": {"path":"/home/bolyai/Dokumentumok/CodeCool/dev_API/Azgard_core/backend/controllers/GetLessons.js","statementMap":{"0":{"start":{"line":1,"column":15},"end":{"line":1,"column":48}},"1":{"start":{"line":3,"column":0},"end":{"line":14,"column":1}},"2":{"start":{"line":4,"column":2},"end":{"line":4,"column":25}},"3":{"start":{"line":5,"column":18},"end":{"line":5,"column":37}},"4":{"start":{"line":6,"column":2},"end":{"line":6,"column":49}},"5":{"start":{"line":7,"column":2},"end":{"line":9,"column":3}},"6":{"start":{"line":8,"column":4},"end":{"line":8,"column":61}},"7":{"start":{"line":11,"column":2},"end":{"line":11,"column":27}},"8":{"start":{"line":13,"column":2},"end":{"line":13,"column":38}}},"fnMap":{"0":{"name":"(anonymous_0)","decl":{"start":{"line":3,"column":22},"end":{"line":3,"column":23}},"loc":{"start":{"line":3,"column":42},"end":{"line":14,"column":1}},"line":3}},"branchMap":{"0":{"loc":{"start":{"line":7,"column":2},"end":{"line":9,"column":3}},"type":"if","locations":[{"start":{"line":7,"column":2},"end":{"line":9,"column":3}},{"start":{"line":7,"column":2},"end":{"line":9,"column":3}}],"line":7}},"s":{"0":1,"1":1,"2":2,"3":2,"4":2,"5":2,"6":1,"7":1,"8":1},"f":{"0":2},"b":{"0":[1,1]},"_coverageSchema":"1a1c01bbd47fc00a2c39e90264f33305004495a9","hash":"3b3a95c94db1088f360034355901eca45ed30709"}
,"/home/bolyai/Dokumentumok/CodeCool/dev_API/Azgard_core/backend/controllers/GetProgress.js": {"path":"/home/bolyai/Dokumentumok/CodeCool/dev_API/Azgard_core/backend/controllers/GetProgress.js","statementMap":{"0":{"start":{"line":1,"column":13},"end":{"line":1,"column":44}},"1":{"start":{"line":3,"column":0},"end":{"line":17,"column":1}},"2":{"start":{"line":4,"column":16},"end":{"line":4,"column":30}},"3":{"start":{"line":6,"column":2},"end":{"line":8,"column":3}},"4":{"start":{"line":7,"column":4},"end":{"line":7,"column":62}},"5":{"start":{"line":10,"column":1},"end":{"line":10,"column":37}},"6":{"start":{"line":12,"column":23},"end":{"line":12,"column":50}},"7":{"start":{"line":16,"column":2},"end":{"line":16,"column":63}}},"fnMap":{"0":{"name":"(anonymous_0)","decl":{"start":{"line":3,"column":22},"end":{"line":3,"column":23}},"loc":{"start":{"line":3,"column":42},"end":{"line":17,"column":1}},"line":3}},"branchMap":{"0":{"loc":{"start":{"line":6,"column":2},"end":{"line":8,"column":3}},"type":"if","locations":[{"start":{"line":6,"column":2},"end":{"line":8,"column":3}},{"start":{"line":6,"column":2},"end":{"line":8,"column":3}}],"line":6}},"s":{"0":1,"1":1,"2":4,"3":4,"4":1,"5":3,"6":3,"7":3},"f":{"0":4},"b":{"0":[1,3]},"_coverageSchema":"1a1c01bbd47fc00a2c39e90264f33305004495a9","hash":"12b7580409d4941b36c6d70548df2179d8295171"}
,"/home/bolyai/Dokumentumok/CodeCool/dev_API/Azgard_core/backend/controllers/GetQuote.js": {"path":"/home/bolyai/Dokumentumok/CodeCool/dev_API/Azgard_core/backend/controllers/GetQuote.js","statementMap":{"0":{"start":{"line":1,"column":14},"end":{"line":1,"column":46}},"1":{"start":{"line":3,"column":0},"end":{"line":16,"column":2}},"2":{"start":{"line":4,"column":2},"end":{"line":15,"column":4}},"3":{"start":{"line":5,"column":4},"end":{"line":7,"column":5}},"4":{"start":{"line":6,"column":6},"end":{"line":6,"column":57}},"5":{"start":{"line":8,"column":17},"end":{"line":8,"column":50}},"6":{"start":{"line":10,"column":4},"end":{"line":14,"column":8}},"7":{"start":{"line":13,"column":8},"end":{"line":13,"column":43}}},"fnMap":{"0":{"name":"(anonymous_0)","decl":{"start":{"line":3,"column":20},"end":{"line":3,"column":21}},"loc":{"start":{"line":3,"column":40},"end":{"line":16,"column":1}},"line":3},"1":{"name":"(anonymous_1)","decl":{"start":{"line":4,"column":30},"end":{"line":4,"column":31}},"loc":{"start":{"line":4,"column":52},"end":{"line":15,"column":3}},"line":4},"2":{"name":"(anonymous_2)","decl":{"start":{"line":11,"column":6},"end":{"line":11,"column":7}},"loc":{"start":{"line":11,"column":29},"end":{"line":14,"column":7}},"line":11}},"branchMap":{"0":{"loc":{"start":{"line":5,"column":4},"end":{"line":7,"column":5}},"type":"if","locations":[{"start":{"line":5,"column":4},"end":{"line":7,"column":5}},{"start":{"line":5,"column":4},"end":{"line":7,"column":5}}],"line":5}},"s":{"0":1,"1":1,"2":2,"3":2,"4":0,"5":2,"6":2,"7":2},"f":{"0":2,"1":2,"2":2},"b":{"0":[0,2]},"_coverageSchema":"1a1c01bbd47fc00a2c39e90264f33305004495a9","hash":"163612ff5417c75279b1f639ec6f5f64fe769f56"}
,"/home/bolyai/Dokumentumok/CodeCool/dev_API/Azgard_core/backend/controllers/LoginController.js": {"path":"/home/bolyai/Dokumentumok/CodeCool/dev_API/Azgard_core/backend/controllers/LoginController.js","statementMap":{"0":{"start":{"line":1,"column":14},"end":{"line":1,"column":30}},"1":{"start":{"line":2,"column":23},"end":{"line":2,"column":52}},"2":{"start":{"line":4,"column":0},"end":{"line":31,"column":2}},"3":{"start":{"line":5,"column":15},"end":{"line":5,"column":28}},"4":{"start":{"line":7,"column":14},"end":{"line":7,"column":51}},"5":{"start":{"line":9,"column":2},"end":{"line":9,"column":42}},"6":{"start":{"line":11,"column":15},"end":{"line":17,"column":3}},"7":{"start":{"line":19,"column":15},"end":{"line":23,"column":3}},"8":{"start":{"line":25,"column":2},"end":{"line":30,"column":52}},"9":{"start":{"line":28,"column":6},"end":{"line":28,"column":37}},"10":{"start":{"line":30,"column":20},"end":{"line":30,"column":50}}},"fnMap":{"0":{"name":"(anonymous_0)","decl":{"start":{"line":4,"column":22},"end":{"line":4,"column":23}},"loc":{"start":{"line":4,"column":36},"end":{"line":31,"column":1}},"line":4},"1":{"name":"(anonymous_1)","decl":{"start":{"line":27,"column":10},"end":{"line":27,"column":11}},"loc":{"start":{"line":27,"column":24},"end":{"line":29,"column":5}},"line":27},"2":{"name":"(anonymous_2)","decl":{"start":{"line":30,"column":11},"end":{"line":30,"column":12}},"loc":{"start":{"line":30,"column":20},"end":{"line":30,"column":50}},"line":30}},"branchMap":{},"s":{"0":1,"1":1,"2":1,"3":0,"4":0,"5":0,"6":0,"7":0,"8":0,"9":0,"10":0},"f":{"0":0,"1":0,"2":0},"b":{},"_coverageSchema":"1a1c01bbd47fc00a2c39e90264f33305004495a9","hash":"64b1a4d5c78e154a33c4b18e24850db19cfe0ccc"}
,"/home/bolyai/Dokumentumok/CodeCool/dev_API/Azgard_core/backend/controllers/SetProgress.js": {"path":"/home/bolyai/Dokumentumok/CodeCool/dev_API/Azgard_core/backend/controllers/SetProgress.js","statementMap":{"0":{"start":{"line":1,"column":13},"end":{"line":1,"column":44}},"1":{"start":{"line":3,"column":0},"end":{"line":18,"column":1}},"2":{"start":{"line":4,"column":28},"end":{"line":4,"column":36}},"3":{"start":{"line":6,"column":2},"end":{"line":10,"column":3}},"4":{"start":{"line":7,"column":4},"end":{"line":7,"column":62}},"5":{"start":{"line":8,"column":9},"end":{"line":10,"column":3}},"6":{"start":{"line":9,"column":4},"end":{"line":9,"column":70}},"7":{"start":{"line":12,"column":23},"end":{"line":12,"column":50}},"8":{"start":{"line":13,"column":2},"end":{"line":13,"column":45}},"9":{"start":{"line":14,"column":2},"end":{"line":14,"column":27}},"10":{"start":{"line":15,"column":2},"end":{"line":15,"column":27}},"11":{"start":{"line":17,"column":2},"end":{"line":17,"column":54}}},"fnMap":{"0":{"name":"(anonymous_0)","decl":{"start":{"line":3,"column":22},"end":{"line":3,"column":23}},"loc":{"start":{"line":3,"column":42},"end":{"line":18,"column":1}},"line":3}},"branchMap":{"0":{"loc":{"start":{"line":6,"column":2},"end":{"line":10,"column":3}},"type":"if","locations":[{"start":{"line":6,"column":2},"end":{"line":10,"column":3}},{"start":{"line":6,"column":2},"end":{"line":10,"column":3}}],"line":6},"1":{"loc":{"start":{"line":8,"column":9},"end":{"line":10,"column":3}},"type":"if","locations":[{"start":{"line":8,"column":9},"end":{"line":10,"column":3}},{"start":{"line":8,"column":9},"end":{"line":10,"column":3}}],"line":8}},"s":{"0":1,"1":1,"2":4,"3":4,"4":1,"5":3,"6":1,"7":2,"8":2,"9":2,"10":2,"11":2},"f":{"0":4},"b":{"0":[1,3],"1":[1,2]},"_coverageSchema":"1a1c01bbd47fc00a2c39e90264f33305004495a9","hash":"f765ec6335e30ba7ebb4d2d29bf52b758d701687"}
,"/home/bolyai/Dokumentumok/CodeCool/dev_API/Azgard_core/backend/controllers/TestController.js": {"path":"/home/bolyai/Dokumentumok/CodeCool/dev_API/Azgard_core/backend/controllers/TestController.js","statementMap":{"0":{"start":{"line":1,"column":0},"end":{"line":3,"column":1}},"1":{"start":{"line":2,"column":2},"end":{"line":2,"column":68}}},"fnMap":{"0":{"name":"(anonymous_0)","decl":{"start":{"line":1,"column":25},"end":{"line":1,"column":26}},"loc":{"start":{"line":1,"column":39},"end":{"line":3,"column":1}},"line":1}},"branchMap":{},"s":{"0":1,"1":1},"f":{"0":1},"b":{},"_coverageSchema":"1a1c01bbd47fc00a2c39e90264f33305004495a9","hash":"421570a21827537675bcb029fd520c1e2336dcb4"}
,"/home/bolyai/Dokumentumok/CodeCool/dev_API/Azgard_core/backend/controllers/UniqueController.js": {"path":"/home/bolyai/Dokumentumok/CodeCool/dev_API/Azgard_core/backend/controllers/UniqueController.js","statementMap":{"0":{"start":{"line":1,"column":19},"end":{"line":1,"column":40}},"1":{"start":{"line":2,"column":12},"end":{"line":2,"column":35}},"2":{"start":{"line":3,"column":13},"end":{"line":3,"column":44}},"3":{"start":{"line":5,"column":0},"end":{"line":29,"column":2}},"4":{"start":{"line":6,"column":20},"end":{"line":6,"column":45}},"5":{"start":{"line":9,"column":16},"end":{"line":9,"column":62}},"6":{"start":{"line":10,"column":2},"end":{"line":22,"column":3}},"7":{"start":{"line":11,"column":17},"end":{"line":17,"column":6}},"8":{"start":{"line":19,"column":4},"end":{"line":19,"column":22}},"9":{"start":{"line":21,"column":4},"end":{"line":21,"column":41}},"10":{"start":{"line":25,"column":16},"end":{"line":25,"column":183}},"11":{"start":{"line":27,"column":2},"end":{"line":27,"column":45}},"12":{"start":{"line":28,"column":2},"end":{"line":28,"column":30}}},"fnMap":{"0":{"name":"(anonymous_0)","decl":{"start":{"line":5,"column":21},"end":{"line":5,"column":22}},"loc":{"start":{"line":5,"column":42},"end":{"line":29,"column":1}},"line":5}},"branchMap":{"0":{"loc":{"start":{"line":10,"column":2},"end":{"line":22,"column":3}},"type":"if","locations":[{"start":{"line":10,"column":2},"end":{"line":22,"column":3}},{"start":{"line":10,"column":2},"end":{"line":22,"column":3}}],"line":10}},"s":{"0":1,"1":1,"2":1,"3":1,"4":0,"5":0,"6":0,"7":0,"8":0,"9":0,"10":0,"11":0,"12":0},"f":{"0":0},"b":{"0":[0,0]},"_coverageSchema":"1a1c01bbd47fc00a2c39e90264f33305004495a9","hash":"ec656e2116e4ef815f020cb39cca0ddfbe97d44c"}
,"/home/bolyai/Dokumentumok/CodeCool/dev_API/Azgard_core/backend/models/lesson.model.js": {"path":"/home/bolyai/Dokumentumok/CodeCool/dev_API/Azgard_core/backend/models/lesson.model.js","statementMap":{"0":{"start":{"line":1,"column":17},"end":{"line":1,"column":36}},"1":{"start":{"line":3,"column":21},"end":{"line":10,"column":2}},"2":{"start":{"line":12,"column":15},"end":{"line":12,"column":68}},"3":{"start":{"line":14,"column":0},"end":{"line":14,"column":24}}},"fnMap":{},"branchMap":{},"s":{"0":1,"1":1,"2":1,"3":1},"f":{},"b":{},"_coverageSchema":"1a1c01bbd47fc00a2c39e90264f33305004495a9","hash":"684961e20de87b3cdaad5e560a9eedad7a68615b"}
,"/home/bolyai/Dokumentumok/CodeCool/dev_API/Azgard_core/backend/models/quote.model.js": {"path":"/home/bolyai/Dokumentumok/CodeCool/dev_API/Azgard_core/backend/models/quote.model.js","statementMap":{"0":{"start":{"line":1,"column":17},"end":{"line":1,"column":36}},"1":{"start":{"line":3,"column":20},"end":{"line":7,"column":2}},"2":{"start":{"line":9,"column":14},"end":{"line":9,"column":73}},"3":{"start":{"line":11,"column":0},"end":{"line":11,"column":23}}},"fnMap":{},"branchMap":{},"s":{"0":1,"1":1,"2":1,"3":1},"f":{},"b":{},"_coverageSchema":"1a1c01bbd47fc00a2c39e90264f33305004495a9","hash":"40771ae37e65949f27b1ae3a85cbe5fc25cd2c5f"}
,"/home/bolyai/Dokumentumok/CodeCool/dev_API/Azgard_core/backend/models/user.model.js": {"path":"/home/bolyai/Dokumentumok/CodeCool/dev_API/Azgard_core/backend/models/user.model.js","statementMap":{"0":{"start":{"line":1,"column":17},"end":{"line":1,"column":36}},"1":{"start":{"line":3,"column":25},"end":{"line":19,"column":2}},"2":{"start":{"line":21,"column":21},"end":{"line":26,"column":2}},"3":{"start":{"line":24,"column":20},"end":{"line":24,"column":22}},"4":{"start":{"line":28,"column":19},"end":{"line":79,"column":2}},"5":{"start":{"line":77,"column":20},"end":{"line":77,"column":22}},"6":{"start":{"line":81,"column":13},"end":{"line":81,"column":63}},"7":{"start":{"line":83,"column":0},"end":{"line":83,"column":22}}},"fnMap":{"0":{"name":"(anonymous_0)","decl":{"start":{"line":24,"column":13},"end":{"line":24,"column":14}},"loc":{"start":{"line":24,"column":20},"end":{"line":24,"column":22}},"line":24},"1":{"name":"(anonymous_1)","decl":{"start":{"line":77,"column":13},"end":{"line":77,"column":14}},"loc":{"start":{"line":77,"column":20},"end":{"line":77,"column":22}},"line":77}},"branchMap":{},"s":{"0":1,"1":1,"2":1,"3":0,"4":1,"5":0,"6":1,"7":1},"f":{"0":0,"1":0},"b":{},"_coverageSchema":"1a1c01bbd47fc00a2c39e90264f33305004495a9","hash":"62c0ac46a4683aef62d6361326f5a6efb644b287"}
,"/home/bolyai/Dokumentumok/CodeCool/dev_API/Azgard_core/backend/routes/index.js": {"path":"/home/bolyai/Dokumentumok/CodeCool/dev_API/Azgard_core/backend/routes/index.js","statementMap":{"0":{"start":{"line":1,"column":16},"end":{"line":1,"column":34}},"1":{"start":{"line":2,"column":15},"end":{"line":2,"column":31}},"2":{"start":{"line":4,"column":24},"end":{"line":4,"column":65}},"3":{"start":{"line":6,"column":23},"end":{"line":6,"column":59}},"4":{"start":{"line":7,"column":21},"end":{"line":7,"column":55}},"5":{"start":{"line":8,"column":24},"end":{"line":8,"column":61}},"6":{"start":{"line":9,"column":24},"end":{"line":9,"column":61}},"7":{"start":{"line":11,"column":24},"end":{"line":11,"column":61}},"8":{"start":{"line":12,"column":23},"end":{"line":12,"column":59}},"9":{"start":{"line":14,"column":27},"end":{"line":14,"column":67}},"10":{"start":{"line":16,"column":16},"end":{"line":16,"column":51}},"11":{"start":{"line":18,"column":13},"end":{"line":18,"column":44}},"12":{"start":{"line":21,"column":0},"end":{"line":21,"column":36}},"13":{"start":{"line":23,"column":0},"end":{"line":23,"column":35}},"14":{"start":{"line":25,"column":0},"end":{"line":25,"column":31}},"15":{"start":{"line":27,"column":0},"end":{"line":27,"column":38}},"16":{"start":{"line":29,"column":0},"end":{"line":29,"column":41}},"17":{"start":{"line":31,"column":0},"end":{"line":31,"column":35}},"18":{"start":{"line":33,"column":0},"end":{"line":33,"column":40}},"19":{"start":{"line":35,"column":0},"end":{"line":35,"column":38}},"20":{"start":{"line":42,"column":0},"end":{"line":42,"column":24}}},"fnMap":{},"branchMap":{},"s":{"0":1,"1":1,"2":1,"3":1,"4":1,"5":1,"6":1,"7":1,"8":1,"9":1,"10":1,"11":1,"12":1,"13":1,"14":1,"15":1,"16":1,"17":1,"18":1,"19":1,"20":1},"f":{},"b":{},"_coverageSchema":"1a1c01bbd47fc00a2c39e90264f33305004495a9","hash":"1b3e6356e675e3452e780f5811cc909d17e3d93f"}
,"/home/bolyai/Dokumentumok/CodeCool/dev_API/Azgard_core/backend/routes/users.js": {"path":"/home/bolyai/Dokumentumok/CodeCool/dev_API/Azgard_core/backend/routes/users.js","statementMap":{"0":{"start":{"line":1,"column":14},"end":{"line":1,"column":32}},"1":{"start":{"line":2,"column":13},"end":{"line":2,"column":29}},"2":{"start":{"line":5,"column":0},"end":{"line":7,"column":3}},"3":{"start":{"line":6,"column":2},"end":{"line":6,"column":38}},"4":{"start":{"line":9,"column":0},"end":{"line":9,"column":24}}},"fnMap":{"0":{"name":"(anonymous_0)","decl":{"start":{"line":5,"column":16},"end":{"line":5,"column":17}},"loc":{"start":{"line":5,"column":41},"end":{"line":7,"column":1}},"line":5}},"branchMap":{},"s":{"0":1,"1":1,"2":1,"3":0,"4":1},"f":{"0":0},"b":{},"_coverageSchema":"1a1c01bbd47fc00a2c39e90264f33305004495a9","hash":"0e6f249c814e66528a7fbfd24aa85b7ff9f223ad"}
}
