TN:
SF:app.js
FN:33,(anonymous_0)
FN:38,(anonymous_1)
FNF:2
FNH:0
FNDA:0,(anonymous_0)
FNDA:0,(anonymous_1)
DA:1,1
DA:3,1
DA:4,1
DA:5,1
DA:6,1
DA:7,1
DA:9,1
DA:10,1
DA:12,1
DA:13,1
DA:15,1
DA:18,1
DA:19,1
DA:20,1
DA:21,1
DA:23,1
DA:24,1
DA:25,1
DA:26,1
DA:29,1
DA:30,1
DA:33,1
DA:34,0
DA:38,1
DA:40,0
DA:41,0
DA:44,0
DA:45,0
DA:48,1
LF:29
LH:24
BRDA:41,0,0,0
BRDA:41,0,1,0
BRDA:44,1,0,0
BRDA:44,1,1,0
BRF:4
BRH:0
end_of_record
TN:
SF:controllers/FillCourses.js
FN:4,(anonymous_0)
FNF:1
FNH:1
FNDA:1,(anonymous_0)
DA:1,1
DA:2,1
DA:4,1
DA:6,1
DA:7,1
DA:9,1
DA:10,1
DA:14,1
DA:21,0
LF:9
LH:8
BRF:0
BRH:0
end_of_record
TN:
SF:controllers/FillQuotes.js
FN:4,(anonymous_0)
FN:9,(anonymous_1)
FNF:2
FNH:2
FNDA:1,(anonymous_0)
FNDA:5,(anonymous_1)
DA:1,1
DA:2,1
DA:4,1
DA:6,1
DA:7,1
DA:9,1
DA:10,5
DA:16,0
DA:18,1
LF:9
LH:8
BRDA:18,0,0,0
BRDA:18,0,1,1
BRF:2
BRH:1
end_of_record
TN:
SF:controllers/GetLessons.js
FN:3,(anonymous_0)
FNF:1
FNH:1
FNDA:2,(anonymous_0)
DA:1,1
DA:3,1
DA:4,2
DA:5,2
DA:6,2
DA:7,2
DA:8,1
DA:11,1
DA:13,1
LF:9
LH:9
BRDA:7,0,0,1
BRDA:7,0,1,1
BRF:2
BRH:2
end_of_record
TN:
SF:controllers/GetProgress.js
FN:3,(anonymous_0)
FNF:1
FNH:1
FNDA:4,(anonymous_0)
DA:1,1
DA:3,1
DA:4,4
DA:6,4
DA:7,1
DA:10,3
DA:12,3
DA:16,3
LF:8
LH:8
BRDA:6,0,0,1
BRDA:6,0,1,3
BRF:2
BRH:2
end_of_record
TN:
SF:controllers/GetQuote.js
FN:3,(anonymous_0)
FN:4,(anonymous_1)
FN:11,(anonymous_2)
FNF:3
FNH:3
FNDA:2,(anonymous_0)
FNDA:2,(anonymous_1)
FNDA:2,(anonymous_2)
DA:1,1
DA:3,1
DA:4,2
DA:5,2
DA:6,0
DA:8,2
DA:10,2
DA:13,2
LF:8
LH:7
BRDA:5,0,0,0
BRDA:5,0,1,2
BRF:2
BRH:1
end_of_record
TN:
SF:controllers/LoginController.js
FN:4,(anonymous_0)
FN:27,(anonymous_1)
FN:30,(anonymous_2)
FNF:3
FNH:0
FNDA:0,(anonymous_0)
FNDA:0,(anonymous_1)
FNDA:0,(anonymous_2)
DA:1,1
DA:2,1
DA:4,1
DA:5,0
DA:7,0
DA:9,0
DA:11,0
DA:19,0
DA:25,0
DA:28,0
DA:30,0
LF:11
LH:3
BRF:0
BRH:0
end_of_record
TN:
SF:controllers/SetProgress.js
FN:3,(anonymous_0)
FNF:1
FNH:1
FNDA:4,(anonymous_0)
DA:1,1
DA:3,1
DA:4,4
DA:6,4
DA:7,1
DA:8,3
DA:9,1
DA:12,2
DA:13,2
DA:14,2
DA:15,2
DA:17,2
LF:12
LH:12
BRDA:6,0,0,1
BRDA:6,0,1,3
BRDA:8,1,0,1
BRDA:8,1,1,2
BRF:4
BRH:4
end_of_record
TN:
SF:controllers/TestController.js
FN:1,(anonymous_0)
FNF:1
FNH:1
FNDA:1,(anonymous_0)
DA:1,1
DA:2,1
LF:2
LH:2
BRF:0
BRH:0
end_of_record
TN:
SF:controllers/UniqueController.js
FN:5,(anonymous_0)
FNF:1
FNH:0
FNDA:0,(anonymous_0)
DA:1,1
DA:2,1
DA:3,1
DA:5,1
DA:6,0
DA:9,0
DA:10,0
DA:11,0
DA:19,0
DA:21,0
DA:25,0
DA:27,0
DA:28,0
LF:13
LH:4
BRDA:10,0,0,0
BRDA:10,0,1,0
BRF:2
BRH:0
end_of_record
TN:
SF:models/lesson.model.js
FNF:0
FNH:0
DA:1,1
DA:3,1
DA:12,1
DA:14,1
LF:4
LH:4
BRF:0
BRH:0
end_of_record
TN:
SF:models/quote.model.js
FNF:0
FNH:0
DA:1,1
DA:3,1
DA:9,1
DA:11,1
LF:4
LH:4
BRF:0
BRH:0
end_of_record
TN:
SF:models/user.model.js
FN:24,(anonymous_0)
FN:77,(anonymous_1)
FNF:2
FNH:0
FNDA:0,(anonymous_0)
FNDA:0,(anonymous_1)
DA:1,1
DA:3,1
DA:21,1
DA:24,0
DA:28,1
DA:77,0
DA:81,1
DA:83,1
LF:8
LH:6
BRF:0
BRH:0
end_of_record
TN:
SF:routes/index.js
FNF:0
FNH:0
DA:1,1
DA:2,1
DA:4,1
DA:6,1
DA:7,1
DA:8,1
DA:9,1
DA:11,1
DA:12,1
DA:14,1
DA:16,1
DA:18,1
DA:21,1
DA:23,1
DA:25,1
DA:27,1
DA:29,1
DA:31,1
DA:33,1
DA:35,1
DA:42,1
LF:21
LH:21
BRF:0
BRH:0
end_of_record
TN:
SF:routes/users.js
FN:5,(anonymous_0)
FNF:1
FNH:0
FNDA:0,(anonymous_0)
DA:1,1
DA:2,1
DA:5,1
DA:6,0
DA:9,1
LF:5
LH:4
BRF:0
BRH:0
end_of_record
